         w _ITM_deregisterTMCloneTable
         w _ITM_registerTMCloneTable
         w _Jv_RegisterClasses
         w __deregister_frame_info
         w __register_frame_info
00000000 b _TLS_MODULE_BASE_
00000000 a shift
00000000 a shift
00000000 00002000 b tmp_buffer.7872
00001ff8 b .LANCHOR2
00002000 00000401 b __fixedpath
00002404 00000802 b __utf16path
00002c08 00000802 b __utf16path_old.7943
00100000 a __start__
00100000 T _start
00100008 T __service_ptr
0010000c T __apt_appid
00100010 T __heap_size
00100014 T __linear_heap_size
00100018 T __system_arglist
0010001c T __system_runflags
00100020 t startup
00100058 t ClearMem
0010006c t ClrLoop
00100094 T _init
001000ac T initSystem
001000f0 T __ctru_exit
00100110 t .udivsi3_skip_div0_test
00100110 T __aeabi_uidiv
00100110 000001ec T __udivsi3
001002fc 00000020 T __aeabi_uidivmod
0010031c T __aeabi_idiv
0010031c 00000220 T __divsi3
00100324 t .divsi3_skip_div0_test
0010053c 00000020 T __aeabi_idivmod
0010055c 00000004 W __aeabi_idiv0
0010055c 00000004 W __aeabi_ldiv0
00100560 0000019c T __aeabi_frsub
00100568 00000194 T __aeabi_fsub
00100568 00000194 T __subsf3
0010056c 00000190 T __addsf3
0010056c 00000190 T __aeabi_fadd
001006fc 00000028 T __aeabi_ui2f
001006fc 00000028 T __floatunsisf
00100704 00000020 T __aeabi_i2f
00100704 00000020 T __floatsisf
00100724 0000008c T __aeabi_ul2f
00100724 0000008c T __floatundisf
00100734 0000007c T __aeabi_l2f
00100734 0000007c T __floatdisf
001007b0 T __aeabi_uldivmod
001007ec 00000014 T setjmp
00100800 00000018 T longjmp
00100828 00000390 T strcmp
00100bb0 t deregister_tm_clones
00100be0 t register_tm_clones
00100c18 t __do_global_dtors_aux
00100c5c t frame_dummy
00100cb8 000001bc T main
00100e74 000002f8 t _sfil_load_PNG_generic
0010116c 00000034 t _sfil_read_png_buffer_fn
001011a0 0000004c T sfil_load_PNG_buffer
001011ec 00000050 T png_zalloc
0010123c 00000004 T png_zfree
00101240 000001d0 t png_build_16bit_table
00101410 00000114 t png_colorspace_endpoints_match
00101524 00000498 t png_free_data.part.3
001019c0 00000088 t png_muldiv.part.9
00101a48 00000070 t png_gamma_8bit_correct.part.15
00101ab8 00000200 t png_icc_profile_error
00101cb8 0000003c T png_set_sig_bytes
00101cf4 00000070 T png_sig_cmp
00101d64 00000020 T png_reset_crc
00101d84 00000054 T png_calculate_crc
00101dd8 00000110 T png_user_version_check
00101ee8 00000114 T png_create_png_struct
00101ffc 00000040 T png_create_info_struct
0010203c 000003a0 T png_destroy_info_struct
001023dc 00000010 T png_free_data
001023ec 0000000c T png_get_io_ptr
001023f8 00000094 T png_chunk_unknown_handling
0010248c 000000e4 T png_zstream_error
00102570 00000158 T png_colorspace_set_gamma
001026c8 00000084 T png_colorspace_sync
00102750 00000204 T png_colorspace_set_sRGB
00102954 00000198 T png_icc_check_length
00102aec 0000037c T png_icc_check_header
00102e68 00000138 T png_icc_check_tag_table
00102fa0 00000250 T png_icc_set_sRGB
001031f0 00000284 T png_colorspace_set_rgb_coefficients
00103474 000002ac T png_check_IHDR
00103720 000002a8 T png_check_fp_number
001039c8 000002d4 T png_check_fp_string
00103ca0 000000c8 T png_muldiv
00103d68 00000078 T png_reciprocal
00103de0 00000b6c T png_colorspace_set_chromaticities
0010494c 00000020 T png_gamma_significant
00104970 000000a0 T png_reciprocal2
00104a10 00000090 T png_gamma_8bit_correct
00104aa0 00000104 T png_gamma_correct
00104ba4 00000134 T png_destroy_gamma_table
00104cd8 00000880 T png_build_gamma_table
00105558 000001f0 t png_format_buffer.isra.0
00105748 00000078 T png_safecat
001057c0 00000170 T png_format_number
00105930 0000014c T png_warning
00105a7c 000001ac T png_chunk_warning
00105c28 00000094 T png_free_jmpbuf
00105cbc 0000002c T png_longjmp
00105ce8 00000060 T png_error
00105d48 0000015c T png_app_warning
00105ea4 0000015c T png_app_error
00106000 0000002c T png_chunk_error
0010602c 000001a4 T png_chunk_benign_error
001061d0 000002d4 T png_benign_error
001064a4 000000f0 T png_set_longjmp_fn
00106594 000002dc T png_chunk_report
00106870 00000014 T png_set_error_fn
00106884 0000001c T png_get_valid
001068a0 000000a0 T png_get_IHDR
00106940 00000064 T png_destroy_png_struct
001069a4 00000078 T png_calloc
00106a1c 00000030 T png_malloc_base
00106a4c 0000008c T png_malloc_array
00106ad8 00000104 T png_realloc_array
00106bdc 0000005c T png_malloc
00106c38 00000064 T png_malloc_warn
00106c9c 00000024 T png_free
00106cc0 00000014 T png_set_mem_fn
00106cd4 00000110 t png_do_read_intrapixel
00106de4 00000408 t png_read_info.part.3
001071ec 00000058 T png_create_read_struct
00107244 00000010 T png_read_info
00107254 00000040 T png_read_update_info
00107294 000003bc T png_read_image
00107650 00000134 T png_destroy_read_struct
00107784 00000038 T png_default_read_data
001077bc 00000020 T png_read_data
001077dc 00000050 T png_set_read_fn
0010782c 00000218 t png_do_gray_to_rgb
00107a44 00001170 t png_do_compose
00108bb4 00000038 T png_set_scale_16
00108bec 0000003c T png_set_expand
00108c28 0000003c T png_set_palette_to_rgb
00108c64 0000003c T png_set_tRNS_to_alpha
00108ca0 00000038 T png_set_gray_to_rgb
00108cd8 00000cc4 T png_init_read_transformations
0010999c 000002c4 T png_read_transform_info
00109c60 000023f0 T png_do_read_transformations
0010c050 000001d0 t png_read_filter_row_sub
0010c220 000001ac t png_read_filter_row_up
0010c3cc 00000080 t png_read_filter_row_avg
0010c44c 0000008c t png_read_filter_row_paeth_1byte_pixel
0010c4d8 0000026c t png_read_filter_row_paeth_multibyte_pixel
0010c744 00000110 t png_inflate_claim
0010c854 000001d0 t png_inflate.constprop.7
0010ca24 00000158 t png_inflate_read.part.3.constprop.5
0010cb7c 000000dc t png_crc_finish.constprop.10
0010cc58 000002c8 t png_decompress_chunk.constprop.6
0010cf20 000000ac T png_read_sig
0010cfcc 00000158 T png_read_chunk_header
0010d124 0000015c T png_crc_finish
0010d280 00000178 T png_handle_IHDR
0010d3f8 00000250 T png_handle_PLTE
0010d648 00000054 T png_handle_IEND
0010d69c 000000e4 T png_handle_gAMA
0010d780 00000214 T png_handle_sBIT
0010d994 00000300 T png_handle_cHRM
0010dc94 00000108 T png_handle_sRGB
0010dd9c 000005dc T png_handle_iCCP
0010e378 0000033c T png_handle_sPLT
0010e6b4 0000023c T png_handle_tRNS
0010e8f0 00000224 T png_handle_bKGD
0010eb14 0000013c T png_handle_hIST
0010ec50 0000013c T png_handle_pHYs
0010ed8c 0000015c T png_handle_oFFs
0010eee8 00000378 T png_handle_pCAL
0010f260 00000284 T png_handle_sCAL
0010f4e4 00000114 T png_handle_tIME
0010f5f8 000001c4 T png_handle_tEXt
0010f7bc 0000024c T png_handle_zTXt
0010fa08 00000348 T png_handle_iTXt
0010fd50 0000036c T png_handle_unknown
001100bc 000004dc T png_combine_row
00110598 00000484 T png_do_read_interlace
00110a1c 00000090 T png_read_filter_row
00110aac 00000508 T png_read_IDAT_data
00110fb4 00000368 T png_read_finish_row
0011131c 00000340 T png_read_start_row
0011165c 00000050 T png_set_bKGD
001116ac 000000ac T png_set_hIST
00111758 000000dc T png_set_IHDR
00111834 0000002c T png_set_oFFs
00111860 00000268 T png_set_pCAL
00111ac8 00000164 T png_set_sCAL_s
00111c2c 0000002c T png_set_pHYs
00111c58 0000013c T png_set_PLTE
00111d94 00000044 T png_set_sBIT
00111dd8 00000334 T png_set_text_2
0011210c 000000a0 T png_set_tIME
001121ac 00000138 T png_set_tRNS
001122e4 00000184 T png_set_sPLT
00112468 0000018c T png_set_unknown_chunks
001125f4 00000028 T png_set_packing
0011261c 00000030 T png_set_interlace_handling
0011264c 00000088 T png_set_filler
001126d4 000001ec T png_do_invert
001128c0 0000004c T png_do_swap
0011290c 0000006c T png_do_packswap
00112978 0000022c T png_do_strip_channel
00112ba4 0000013c T png_do_bgr
00112ce0 000001d0 T png_do_check_palette_indexes
00112eb0 0000044c T adler32
001132fc 0000059c T crc32
00113898 0000009c T inflateReset
00113934 00000120 T inflateReset2
00113a54 00000178 T inflateInit2_
00113bcc 00001ffc T inflate
00115bc8 00000060 T inflateEnd
00115c28 00000b64 T inflate_table
0011678c 00000008 T zcalloc
00116794 00000008 T zcfree
0011679c 00000df0 T inflate_fast
0011758c 00000048 T sf2d_fini
001175d4 000000a0 T sf2d_start_frame_target
00117674 00000038 T sf2d_start_frame
001176ac 00000004 T sf2d_end_frame
001176b0 000000b0 T sf2d_swapbuffers
00117760 00000040 T sf2d_pool_memalign
001177a0 00000038 T sf2d_set_clear_color
001177d8 000001ac t sf2d_init_advanced.part.0
00117984 00000028 T sf2d_init
001179ac 00000118 T sf2d_create_texture
00117ac4 00000094 T sf2d_create_rendertarget
00117b58 00000020 T sf2d_free_texture
00117b78 00000014 T sf2d_clear_target
00117b8c 00000054 T sf2d_bind_texture
00117be0 00000160 T sf2d_draw_texture
00117d40 000001d4 T sf2d_draw_texture_rotate
00117f14 00000110 T sf2d_texture_tile32
00118024 000002b4 T C3D_UpdateUniforms
001182d8 000000c0 T C3Di_DirtyUniforms
00118398 000000e8 T C3Di_LoadShaderUniforms
00118480 00000028 T C3Di_ClearShaderUniforms
001184a8 00000028 T AttrInfo_Init
001184d0 000000ac T AttrInfo_AddLoader
0011857c 00000024 T C3D_GetAttrInfo
001185a0 00000080 T C3Di_AttrInfoBind
00118620 0000003c T C3D_DepthMap
0011865c 0000001c T C3D_CullFace
00118678 00000040 T C3D_StencilTest
001186b8 00000024 T C3D_StencilOp
001186dc 0000001c T C3D_BlendingColor
001186f8 0000002c T C3D_DepthTest
00118724 0000002c T C3D_AlphaTest
00118750 00000050 T C3D_AlphaBlend
001187a0 00000030 T C3D_FragOpMode
001187d0 0000011c T C3Di_EffectBind
001188ec 00000148 T C3D_DrawArrays
00118a34 00000020 T BufInfo_Init
00118a54 00000084 T BufInfo_Add
00118ad8 00000024 T C3D_GetBufInfo
00118afc 00000048 T C3Di_BufInfoBind
00118b44 00000034 T TexEnv_Init
00118b78 00000034 T C3D_GetTexEnv
00118bac 00000024 T C3Di_TexEnvBind
00118bd0 000000b8 T C3D_TexInit
00118c88 000000b8 T C3D_TexInitVRAM
00118d40 00000028 T C3D_TexSetWrap
00118d68 00000034 T C3D_TexBind
00118d9c 0000003c T C3D_TexDelete
00118dd8 0000003c t C3Di_RenderQueueWaitDone
00118e14 00000078 t performTransfer.part.0
00118e8c 00000050 t transferTarget
00118edc 00000024 t onVBlank1
00118f00 0000008c t onVBlank0
00118f8c 0000003c t performClear.part.2
00118fc8 0000004c t clearTarget
00119014 000000c0 t updateFrameQueue.part.4
001190d4 000000e0 t onRenderFinish
001191b4 000000bc t onTransferFinish
00119270 0000005c t checkRenderQueueInit.part.7
001192cc 00000070 t onClearDone
0011933c 0000006c T C3D_FrameBegin
001193a8 00000078 T C3D_FrameDrawOn
00119420 000000cc T C3D_FrameEnd
001194ec 000000e0 T C3D_RenderTargetCreate
001195cc 0000007c T C3D_RenderTargetDelete
00119648 00000084 t C3Di_RenderQueueExit
001196cc 00000050 T C3D_RenderTargetSetClear
0011971c 00000058 T C3D_RenderTargetSetOutput
00119774 00000088 t C3Di_AptEventHook
001197fc 00000174 T C3D_Init
00119970 00000098 T C3D_SetViewport
00119a08 00000584 T C3Di_UpdateContext
00119f8c 000000e0 T C3Di_FinalizeFrame
0011a06c 00000048 T C3D_Fini
0011a0b4 000000d4 T C3D_BindProgram
0011a188 000000c8 T Mtx_OrthoTilt
0011a250 000000a4 T C3D_RenderBufInit
0011a2f4 00000080 T C3D_RenderBufClearAsync
0011a374 00000028 T C3D_RenderBufTransferAsync
0011a39c 00000038 T C3D_RenderBufBind
0011a3d4 00000170 T C3Di_RenderBufBind
0011a544 00000018 T C3D_RenderBufDelete
0011a55c 000000b4 T C3D_ImmSendAttrib
0011a610 00000024 t addrMapNodeComparator(rbtree_node const*, rbtree_node const*)
0011a634 00000004 t addrMapNodeDestructor(rbtree_node*)
0011a638 0000013c T linearMemAlign
0011a774 00000008 T linearAlloc
0011a77c 00000050 T linearFree
0011a7cc 00000024 t addrMapNodeComparator(rbtree_node const*, rbtree_node const*)
0011a7f0 00000004 t addrMapNodeDestructor(rbtree_node*)
0011a7f4 0000012c T vramMemAlign
0011a920 00000008 T vramAlloc
0011a928 00000050 T vramFree
0011a978 0000008c t gfxSetFramebufferInfo.part.0
0011aa04 00000010 T gfxSet3D
0011aa14 00000010 T gfxIs3D
0011aa24 00000018 T __get_bytes_per_pixel
0011aa3c 00000174 T gfxSetScreenFormat
0011abb0 00000070 T gfxSetFramebufferInfo
0011ac20 00000088 T gfxWriteFramebufferInfo
0011aca8 000001fc T gfxInit
0011aea4 00000010 T gfxInitDefault
0011aeb4 000000e0 T gfxExit
0011af94 000000b0 T gfxGetFramebuffer
0011b044 00000070 T gfxConfigScreen
0011b0b4 00000058 t getSysTime
0011b10c 0000004c T osConvertVirtToPhys
0011b158 00000024 T osGetMemRegionUsed
0011b180 000000f4 T __libctru_gtod
0011b278 00000078 T osGetTime
0011b2f0 00000034 T __ctru_speedup_config
0011b324 0000002c T GPUCMD_SetBuffer
0011b350 00000040 T GPUCMD_GetBuffer
0011b390 00000108 T GPUCMD_Add
0011b498 00000098 T GPUCMD_Finalize
0011b530 00000044 T f32tof24
0011b574 00000040 T f32tof31
0011b5b4 00000054 T GX_ProcessCommandList
0011b608 00000060 T GX_MemoryFill
0011b668 00000050 T GX_DisplayTransfer
0011b6b8 00000054 T GX_FlushCacheRegions
0011b70c 00000038 T DVLB_Free
0011b744 00000078 T DVLE_GetUniformRegister
0011b7bc 000001ec T DVLE_GenerateOutmap
0011b9a8 000001c0 T DVLB_ParseFile
0011bb68 000001f4 T shaderInstanceInit
0011bd5c 00000034 T shaderInstanceFree
0011bd90 00000018 T shaderInstanceGetUniformLocation
0011bda8 00000018 T shaderProgramInit
0011bdc0 0000002c T shaderProgramFree
0011bdec 0000006c T shaderProgramSetVsh
0011be58 00000894 T shaderProgramConfigure
0011c6ec 00000070 T ptmSysmInit
0011c75c 00000034 T ptmSysmExit
0011c790 00000034 T PTMSYSM_ConfigureNew3DSCPU
0011c7c4 000000d0 T hidExit
0011c894 00000234 T hidScanInput
0011cac8 00000010 T hidKeysHeld
0011cad8 00000010 T hidKeysDown
0011cae8 00000010 T hidKeysUp
0011caf8 00000090 T HIDUSER_GetHandles
0011cb88 0000018c T hidInit
0011cd14 00000004 W _aptDebug
0011cd18 00000130 T aptSendCommand
0011ce48 0000003c t aptExitProcess
0011ce84 00000038 T aptHook
0011cebc 0000002c T aptUnhook
0011cee8 0000004c T APT_InquireNotification
0011cf34 0000019c t aptEventHandler
0011d0d0 00000074 T APT_AppletUtility
0011d144 000000b4 T aptSetSleepAllowed
0011d1f8 000000b4 T APT_GlanceParameter
0011d2ac 000000c0 T APT_ReceiveParameter
0011d36c 000000a8 t aptReceiveParameter.constprop.1
0011d418 000001ec t aptScreenTransfer
0011d604 00000228 t aptWaitForWakeUp
0011d82c 00000070 T APT_CancelParameter
0011d89c 00000230 T aptInit
0011dacc 0000008c t aptClearParamQueue
0011db58 00000214 T aptMainLoop
0011dd6c 00000148 T aptExit
0011deb4 00000070 T APT_CheckNew3DS
0011df24 00000160 t gspEventThreadMain
0011e084 00000074 T gspInit
0011e0f8 0000003c T gspExit
0011e134 0000002c T gspSetEventCallback
0011e160 00000088 T gspInitEventHandler
0011e1e8 00000030 T gspExitEventHandler
0011e218 00000044 T gspWaitForEvent
0011e25c 0000006c T gspWaitForAnyEvent
0011e2c8 00000124 T gspSubmitGxCommand
0011e3ec 0000006c T GSPGPU_SetBufferSwap
0011e458 00000034 T GSPGPU_SetLcdForceBlack
0011e48c 00000064 T GSPGPU_RegisterInterruptRelayQueue
0011e4f0 0000002c T GSPGPU_UnregisterInterruptRelayQueue
0011e51c 00000048 T GSPGPU_AcquireRight
0011e564 0000002c T GSPGPU_ReleaseRight
0011e590 00000080 T GSPGPU_ImportDisplayCaptureInfo
0011e610 0000002c T GSPGPU_SaveVramSysArea
0011e63c 0000002c T GSPGPU_RestoreVramSysArea
0011e668 000000b0 T irrstScanInput
0011e718 0000001c T irrstKeysHeld
0011e734 00000050 T IRRST_GetHandles
0011e784 00000150 T irrstInit
0011e8d4 0000002c T IRRST_Shutdown
0011e900 000000ac T irrstExit
0011e9ac 00000070 T rbtree_find
0011ea1c 00000324 T rbtree_remove
0011ed40 00000074 T rbtree_node_next
0011edb4 00000094 T rbtree_rotate
0011ee48 0000018c t do_insert
0011efd4 00000008 T rbtree_insert
0011efdc 00000014 T rbtree_init
0011eff0 000000e8 T __system_initArgv
0011f0d8 00000058 t osGetMemRegionSize
0011f130 00000104 W __system_allocateHeaps
0011f234 00000038 W __libctru_init
0011f26c T svcControlMemory
0011f28c T svcExitProcess
0011f294 T svcCreateThread
0011f2b4 T svcExitThread
0011f2bc T svcSleepThread
0011f2c4 T svcReleaseMutex
0011f2cc T svcCreateEvent
0011f2e0 T svcSignalEvent
0011f2e8 T svcClearEvent
0011f2f0 T svcMapMemoryBlock
0011f2f8 T svcUnmapMemoryBlock
0011f300 T svcCreateAddressArbiter
0011f314 T svcArbitrateAddress
0011f32c T svcCloseHandle
0011f334 T svcWaitSynchronization
0011f33c T svcWaitSynchronizationN
0011f364 T svcDuplicateHandle
0011f378 T svcGetSystemTick
0011f380 T svcGetSystemInfo
0011f398 T svcConnectToPort
0011f3ac T svcSendSyncRequest
0011f3b4 T svcBreak
0011f3bc 00000098 T MemPool::CoalesceRight(MemBlock*)
0011f454 00000178 T MemPool::Allocate(MemChunk&, unsigned long, int)
0011f5cc 00000100 T MemPool::Deallocate(MemChunk const&)
0011f6cc 00000024 t addrMapNodeComparator(rbtree_node const*, rbtree_node const*)
0011f6f0 00000004 t addrMapNodeDestructor(rbtree_node*)
0011f6f4 000000f4 T mappableAlloc
0011f7e8 00000050 T mappableFree
0011f838 000001bc T threadCreate
0011f9f4 00000024 T threadJoin
0011fa18 00000070 T threadExit
0011fa88 00000040 t _thread_begin
0011fac8 00000050 T srvExit
0011fb18 00000038 T srvRegisterClient
0011fb50 00000078 T srvInit
0011fbc8 00000068 T srvGetServiceHandleDirect
0011fc30 00000038 T srvGetServiceHandle
0011fc68 00000084 T envGetHandle
0011fcec 0000004c T envDestroyHandles
0011fd38 00000034 t LightLock_Unlock.part.1
0011fd6c 0000000c T __sync_init
0011fd78 00000018 T __sync_fini
0011fd90 00000010 T __sync_get_arbiter
0011fda0 00000018 T LightLock_Init
0011fdb8 000000a0 T LightLock_Lock
0011fe58 00000034 T LightLock_TryLock
0011fe8c 00000020 T LightLock_Unlock
0011feac 00000024 T RecursiveLock_Init
0011fed0 00000030 T RecursiveLock_Lock
0011ff00 00000058 T RecursiveLock_TryLock
0011ff58 00000038 T RecursiveLock_Unlock
0011ff90 00000038 T LightEvent_Init
0011ffc8 0000007c T LightEvent_Clear
00120044 000000dc T LightEvent_Signal
00120120 000000d0 T LightEvent_Wait
001201f0 000000a4 W __libctru_exit
00120294 0000001c W __appExit
001202b0 00000030 t __ctru_get_reent
001202e0 000000e4 T __system_initSyscalls
001203c4 0000001c W __appInit
001203e0 00000010 t sdmc_link
001203f0 00000010 t sdmc_dirreset
00120400 00000010 t sdmc_fchmod
00120410 00000024 t error_cmp
00120434 00000050 t sdmc_translate_error
00120484 00000034 t sdmc_fsync
001204b8 00000054 t sdmc_ftruncate
0012050c 000000b8 t sdmc_statvfs
001205c4 00000038 t sdmc_dirclose
001205fc 00000138 t sdmc_dirnext
00120734 00000034 t sdmc_close
00120768 00000074 t sdmc_fstat
001207dc 000000d8 t sdmc_seek
001208b4 00000084 t sdmc_read
00120938 000000b8 t sdmc_write
001209f0 000001b4 t sdmc_utf16path
00120ba4 00000074 t sdmc_rmdir
00120c18 000000a4 t sdmc_diropen
00120cbc 000000a0 t sdmc_chdir
00120d5c 00000098 t sdmc_mkdir
00120df4 00000108 t sdmc_rename
00120efc 00000074 t sdmc_unlink
00120f70 00000108 t sdmc_stat
00121078 00000188 t sdmc_open
00121200 00000010 t sdmc_chmod
00121210 0000015c T sdmcInit
0012136c 00000058 T sdmcExit
001213c4 00000028 t fsSessionForArchive.part.0
001213ec 000000c8 T fsInit
001214b4 00000038 T fsExit
001214ec 000000a0 T fsExemptFromSession
0012158c 00000054 T fsUnexemptFromSession
001215e0 000000bc T FSUSER_OpenFile
0012169c 000000a4 T FSUSER_DeleteFile
00121740 000000e0 T FSUSER_RenameFile
00121820 000000a4 T FSUSER_DeleteDirectory
001218c4 000000bc T FSUSER_CreateFile
00121980 000000ac T FSUSER_CreateDirectory
00121a2c 000000e0 T FSUSER_RenameDirectory
00121b0c 000000a4 T FSUSER_OpenDirectory
00121bb0 00000098 T FSUSER_OpenArchive
00121c48 00000074 T FSUSER_CloseArchive
00121cbc 00000078 T FSUSER_GetSdmcArchiveResource
00121d34 00000064 T FSUSER_IsSdmcWritable
00121d98 0000005c T FSFILE_Read
00121df4 00000064 T FSFILE_Write
00121e58 0000003c T FSFILE_GetSize
00121e94 0000002c T FSFILE_SetSize
00121ec0 0000003c T FSFILE_Close
00121efc 00000024 T FSFILE_Flush
00121f20 00000054 T FSDIR_Read
00121f74 0000003c T FSDIR_Close
00121fb0 000000c0 T utf8_to_utf16
00122070 00000138 T decode_utf8
001221a8 000000e8 T utf16_to_utf8
00122290 00000104 T encode_utf8
00122394 00000068 T encode_utf16
001223fc T __aeabi_read_tp
00122408 00000060 T decode_utf16
00122468 00000184 T floor
001225f0 0000009c T frexp
0012268c 000000c4 T cosf
00122750 000000cc T sinf
00122820 00000398 T pow
00122bb8 000008bc T __ieee754_pow
00123474 00000214 T __ieee754_sqrt
00123688 000002e8 T __ieee754_rem_pio2f
00123970 00000124 T __kernel_cosf
00123a94 00000898 T __kernel_rem_pio2f
0012432c 000000a0 T __kernel_sinf
001243cc 00000010 T fabs
001243dc 00000014 T finite
001243f0 00000008 T matherr
001243f8 00000010 T nan
00124408 00000178 T rint
00124580 00000170 T scalbn
001246f0 00000010 T fabsf
00124700 000000bc T floorf
001247bc 00000114 T scalbnf
001248d0 0000001c T copysign
001248ec 0000001c T copysignf
00124908 00000128 T __udivmoddi4
00124a30 00000014 T abort
00124a44 00000074 T bsearch
00124ab8 00000020 T calloc
00124ad8 00000090 T _calloc_r
00124b68 0000000c T __errno
00124b74 00000154 T _fclose_r
00124cc8 00000254 T __sflush_r
00124f1c 00000094 T _fflush_r
00124fb0 00000038 T fflush
00124fe8 0000000c T _cleanup_r
00124ff4 00000080 t std.isra.0
00125074 0000008c T __sinit
00125100 0000000c T __sfp_lock_acquire
0012510c 0000000c T __sfp_lock_release
00125118 00000040 T __libc_fini_array
00125158 0000003c T fprintf
00125194 00000094 T fputc
00125228 000002d4 T _fread_r
001254fc 00000038 T fread
00125534 000000f8 T _malloc_trim_r
0012562c 000002e4 T _free_r
00125910 00000078 T _fwalk
00125988 00000080 T _fwalk_reent
00125a08 00000078 T __libc_init_array
00125a80 00000094 T __swhatbuf_r
00125b14 000000f4 T __smakebuf_r
00125c08 00000020 T memalign
00125c28 00000158 T _memalign_r
00125d80 00000018 T malloc
00125d98 00000018 T free
00125db0 0000078c T _malloc_r
0012653c 000000e8 T memcmp
00126624 00000114 T memcpy
00126738 00000110 T memset
00126848 0000000c T __malloc_lock
00126854 0000000c T __malloc_unlock
00126860 000000d4 T _putc_r
00126934 0000001c t lflush
00126950 000001b4 T __srefill_r
00126b04 000000a0 T _raise_r
00126ba4 00000018 T raise
00126bbc 0000003c T __sread
00126bf8 00000064 T __swrite
00126c5c 0000004c T __sseek
00126ca8 00000008 T __sclose
00126cb0 0000005c T strlen
00126d0c 0000009c T strncat
00126da8 000000d8 T strncpy
00126e80 00001624 t get_arg
001284a8 00004314 T _vfprintf_r
0012c7bc 000000cc t __sbprintf
0012c888 00000108 T __swbuf_r
0012c990 000000a0 T _wcrtomb_r
0012ca30 00000020 T _wcsrtombs_r
0012ca50 00000144 T __swsetup_r
0012cb94 000001d0 t quorem
0012cd68 00001260 T _dtoa_r
0012dfc8 000004ac T __sfvwrite_r
0012e474 00000024 T __locale_mb_cur_max
0012e498 00000024 T __locale_ctype_ptr
0012e4bc 00000024 T _localeconv_r
0012e4e0 00000300 T __utf8_mbtowc
0012e7e0 00000104 T memchr
0012e8e4 00000148 T memmove
0012ea2c 00000088 T _Balloc
0012eab4 0000001c T _Bfree
0012ead0 000000d8 T __multadd
0012eba8 00000058 T __hi0bits
0012ec00 0000009c T __lo0bits
0012ec9c 00000020 T __i2b
0012ecbc 000001cc T __multiply
0012ee88 00000100 T __pow5mult
0012ef88 000000e4 T __lshift
0012f06c 00000060 T __mcmp
0012f0cc 00000198 T __mdiff
0012f264 00000108 T __d2b
0012f36c 000004cc T _realloc_r
0012f838 000001ac T strchr
0012f9e4 00000108 T strncmp
0012faec 0000001c t __sprint_r.part.0
0012fb08 0000001c T __sprint_r
0012fb24 00000174 T _wcsnrtombs_l
0012fc98 00000064 T _wcsnrtombs_r
0012fcfc 000000e8 T __utf8_wctomb
0012fde4 00000008 t null_write
0012fdec 00000018 T setDefaultDevice
0012fe04 000000cc T FindDevice
0012fed0 00000028 T RemoveDevice
0012fef8 00000098 T AddDevice
0012ff90 00000084 T _close_r
00130014 0000007c T _fstat_r
00130090 00000010 T _getpid_r
001300a0 00000008 T _isatty_r
001300a8 00000010 T _kill_r
001300b8 00000090 T _lseek_r
00130148 00000088 T _read_r
001301d0 00000070 T _sbrk_r
00130240 00000088 T _write_r
001302c8 00000024 T _exit
001302ec 000001d4 T _concatenate_path
001304c0 0000015c T chdir
0013061c 00000008 T __flockfile
00130624 00000008 T __funlockfile
0013062c 00000018 T __libc_lock_acquire
00130644 00000018 T __libc_lock_release
0013065c 00000018 T __libc_lock_init_recursive
00130674 00000018 T __libc_lock_acquire_recursive
0013068c 00000018 T __libc_lock_release_recursive
001306a4 00000018 T __libc_lock_close_recursive
001306bc 0000004c T __free_handle
00130708 00000040 T __release_handle
00130748 00000018 T __get_handle
00130760 00000028 T __getreent
00130788 0000005c T strnlen
001307e4 00000044 T strrchr
00130828 T _fini
00131000 R button_png
0013ca65 R button_png_end
0013ca68 R button_png_size
0013ca6c R pressedButton_png
00148440 R pressedButton_png_end
00148440 R pressedButton_png_size
00148444 R topscr_png
00150099 R topscr_png_end
0015009c R topscr_png_size
001500a8 00000030 r short_months.9538
001500d8 00000020 r CSWTCH.116
001500f8 00000020 r CSWTCH.117
00150118 00000020 r sRGB_xy
00150138 00000024 r sRGB_XYZ.9728
0015015c 0000000c r D50_nCIEXYZ
00150168 000000e0 r png_sRGB_checks
00150248 00000200 R png_sRGB_delta
00150448 00000400 R png_sRGB_base
00150848 00000200 R png_sRGB_table
00150a48 00000010 r png_digit
00150a58 00000011 r digits.9448
00150a6c 00000048 r display_mask.9821
00150ab4 00000090 r row_mask.9820
00150b44 0000001c r png_pass_inc.9865
00150b60 00000007 r png_pass_yinc.10051
00150b68 00000007 r png_pass_ystart.10050
00150b70 00000007 r png_pass_inc.10049
00150b70 00000007 r png_pass_inc.10058
00150b78 00000007 r png_pass_start.10048
00150b78 00000007 r png_pass_start.10057
00150b80 00000100 r onebppswaptable
00150c80 00000100 r twobppswaptable
00150d80 00000100 r fourbppswaptable
00150e80 00002000 r crc_table
00152e80 00000800 r lenfix.6883
00153680 00000080 r distfix.6884
00153700 00000026 r order.6912
00153728 00000040 r dext.6798
00153768 00000040 r dbase.6797
001537a8 0000003e r lext.6796
001537e8 0000003e r lbase.6795
00153828 0000002f R inflate_copyright
00153858 00000010 r CSWTCH.23
00153868 R shader_shbin
001539b4 R shader_shbin_end
001539b4 R shader_shbin_size
001539b8 00000038 r CSWTCH.2
001539f0 00000003 r parm.12748
001539f4 00000004 r CSWTCH.7
001539f8 00000005 r colorFmtSizes
00153a00 00000004 r depthFmtSizes
00153a04 00000014 r CSWTCH.26
00153a18 00000008 r framebufferInfoSt
00153a20 0000000c r serviceNameTable.7434
00153a2c 00000030 r error_table
00153ed8 r .LC2
00156018 00000080 r npio2_hw
00156098 00000318 r two_over_pi
001563b0 0000002c r PIo2
001563dc 0000000c r init_jk
001563e8 00000010 r TWO52
001563f8 00000004 R _global_impure_ptr
0015643c 00000010 r blanks.8415
0015644c 00000010 r zeroes.8416
001564b8 00000028 R __mprec_bigtens
001564e0 000000c8 R __mprec_tens
001565a8 0000000c r p05.7191
001565b4 0000006c R __action_table
00156620 00000100 R __chclass
00156720 0000006c R __state_table
0015678c 00000101 R _ctype_
00156898 00000068 R dotab_stdnull
00156900 00000003 R DIRECTORY_PARENT
00156904 r __EH_FRAME_BEGIN__
00156904 R __exidx_end
00156904 R __exidx_start
00157000 00000004 d useTransform_desc
00157004 00000004 d transform_desc
00157008 00000004 d vblank_wait
0015700c 00000004 d projection_desc
00157010 00000001 d topFormat
00157011 00000001 d botFormat
00157014 00000008 d doubleBuf
0015701c 00000004 d aptFlags
00157020 00000004 d gspLastEvent
00157024 00000004 V __ctru_linear_heap_size
00157028 W __stacksize__
0015702c 00000401 d __cwd
00157430 00000068 d sdmc_devoptab
00157498 00000001 D __fdlib_version
0015749c 0000000c d __sfp_lock
001574a8 0000000c d __sinit_lock
001574b4 00000004 D _impure_ptr
001574b8 00000460 d impure_data
00157918 00000408 D __malloc_av_
00157d20 00000004 D __malloc_sbrk_base
00157d24 00000004 D __malloc_trim_threshold
00157d28 0000000c d __malloc_lock_object
00157d34 0000016c D __global_locale
00157ea0 00000004 d defaultDevice
00157ea4 00000040 D devoptab_list
00157ee4 00001000 d _current_working_directory
00158ee4 00000004 d __hndl_lock
00158ee8 0000000c d __stderr_handle
00158ef4 0000000c d __stdin_handle
00158f00 0000000c d __stdout_handle
00158f0c 00001000 d handles
00159f0c d __JCR_LIST__
00159f0c D __TMC_END__
00159f0c d __TMC_LIST__
00159f0c t __frame_dummy_init_array_entry
00159f0c T __init_array_start
00159f0c B __preinit_array_end
00159f0c B __preinit_array_start
00159f0c D __tdata_lma
00159f0c D __tdata_lma_end
00159f10 t __do_global_dtors_aux_fini_array_entry
00159f10 T __fini_array_start
00159f10 T __init_array_end
00159f14 T __bss_start__
00159f14 T __fini_array_end
00159f18 00000004 b sf2d_initialized
00159f1c 00000004 b pool_addr
00159f20 00000014 b shader
00159f34 00000004 b dvlb
00159f38 00000004 b in_render
00159f3c 00000004 b pool_index
00159f40 00000001 b cur_screen
00159f41 00000001 b cur_side
00159f44 00000004 b targetTopLeft
00159f48 00000004 b targetTopRight
00159f4c 00000004 b targetBottom
00159f50 00000004 b frames
00159f58 00000008 b last_time
00159f60 00000004 b current_fps
00159f64 00000004 b pool_size
00159f68 00000018 b C3Di_ShaderFVecData
00159f80 000000c0 b C3Di_FVUnifEverDirty
0015a040 00000008 b C3Di_IVUnifEverDirty
0015a048 00000001 b queuedCount
0015a04c 00000004 b transferQueue
0015a050 00000004 b clearQueue
0015a054 00000001 b inSafeTransfer
0015a058 0000000c b linkedTarget
0015a064 0000004c b temp.13412
0015a0b0 00000001 b inSafeClear
0015a0b1 00000001 b queueSwap
0015a0b4 00000020 b queuedFrame
0015a0d4 00000001 b queuedState
0015a0d5 00000001 b inFrame
0015a0d8 00000004 b lastTarget
0015a0dc 00000004 b firstTarget
0015a0e0 0000000c b hookCookie
0015a0ec 00000008 b sLinearPool
0015a0f4 0000000c b sAddrMap
0015a100 00000008 b sVramPool
0015a108 0000000c b sAddrMap
0015a114 00000001 b enable3d
0015a118 00000004 b screenAlloc
0015a11c 00000004 b screenFree
0015a120 00000002 b currentBuffer
0015a122 00000001 V __ctru_speedup
0015a124 00000004 b ptmSysmRefCount
0015a128 00000004 b ptmSysmHandle
0015a12c 00000004 b hidRefCount
0015a130 00000004 b kOld
0015a134 00000004 b kHeld
0015a138 00000004 b cPos
0015a13c 00000004 b tPos
0015a140 00000006 b aVec
0015a148 00000006 b gRate
0015a150 00000004 b kDown
0015a154 00000004 b kUp
0015a158 00000004 b aptLockHandle
0015a15c 00000004 b serviceName.7433
0015a160 0000000c b aptFirstHook
0015a16c 00000004 b aptMessageFunc
0015a170 00000004 b aptMessageFuncData
0015a174 0000000c b aptEvents
0015a180 00000001 b aptHomeButtonState
0015a184 00000008 b aptSleepEvent
0015a18c 00001000 b aptParameters
0015b18c 00000004 b aptRefCount
0015b190 00000004 b aptEventHandlerThread
0015b194 00000001 b flagInit.7784
0015b195 00000001 b flagValue.7785
0015b198 00000001 b gspRunEvents
0015b19c 00000004 b gspEvent
0015b1a0 00000004 b gspEventData
0015b1a4 0000001c b gspEventCb
0015b1c0 00000007 b gspEventCbOneShot
0015b1c8 0000001c b gspEventCbData
0015b1e4 00000038 b gspEvents
0015b21c 0000001c b gspEventCounts
0015b238 00000004 b gspRefCount
0015b23c 00000004 b gspEventThread
0015b240 00000004 b irrstRefCount
0015b244 00000004 b kHeld
0015b248 00000004 b csPos
0015b24c 00000004 V __ctru_heap_size
0015b250 b saved_stack
0015b258 00000008 b sMappablePool
0015b260 0000000c b sAddrMap
0015b26c 00000004 b srvRefCount
0015b270 00000004 b srvHandle
0015b274 00000004 b arbiter
0015b278 00000008 b sdmcArchive
0015b280 00000001 b sdmcInitialised
0015b288 00000004 b fsuHandle
0015b28c 00000004 b fsuRefCount
0015b290 00000080 b fsExemptArchives
0015b310 b completed.7620
0015b314 b object.7625
0015b32c 00000028 B __malloc_current_mallinfo
0015b354 00000004 B __malloc_max_sbrked_mem
0015b358 00000004 B __malloc_max_total_mem
0015b35c 00000004 B __malloc_top_pad
0015b360 00000004 b heap_start.6927
0015b364 00000004 B fake_heap_end
0015b368 00000004 B fake_heap_start
0015b36c 00001000 b temp_cwd
0015c36c 00000038 B __syscalls
0015c3a4 00000020 B C3D_IVUnif
0015c3c4 000000c0 B C3D_FVUnifDirty
0015c484 00000002 B C3D_BoolUnifsDirty
0015c488 00000008 B C3D_IVUnifDirty
0015c490 00000004 B C3D_BoolUnifs
0015c494 00000c00 B C3D_FVUnif
0015d098 00000278 B __C3D_Context
0015d310 00000008 B gfxBottomFramebuffers
0015d318 00000004 B gspSharedMemHandle
0015d31c 0000001c B bottomFramebufferInfo
0015d338 00000004 B gspEvent
0015d33c 00000008 B gfxTopLeftFramebuffers
0015d344 00000008 B gfxTopRightFramebuffers
0015d34c 0000001c B topFramebufferInfo
0015d368 00000001 B gfxThreadID
0015d36c 00000004 B gfxSharedMemory
0015d370 00000004 B gfxTopFramebufferMaxSize
0015d374 00000004 B gfxBottomFramebufferMaxSize
0015d378 00000004 B gpuCmdBuf
0015d37c 00000004 B gpuCmdBufOffset
0015d380 00000004 B gpuCmdBufSize
0015d384 00000004 B gxCmdBuf
0015d388 00000004 B hidMemHandle
0015d38c 00000004 B hidHandle
0015d390 00000004 B hidSharedMem
0015d394 00000014 B hidEvents
0015d3a8 00000004 B gspGpuHandle
0015d3ac 00000004 B irrstHandle
0015d3b0 00000004 B irrstEvent
0015d3b4 00000004 B irrstMemHandle
0015d3b8 00000004 B irrstSharedMem
0015d3bc 00000004 B __system_argv
0015d3c0 00000004 B __system_argc
0015d3c4 00000004 B __ctru_linear_heap
0015d3c8 00000004 B __ctru_heap
0015d3cc 00000004 B __system_retAddr
0015d3d0 B __tls_start
001607dc B __bss_end__
001607dc A __end__
001607dc B __tls_end
